<?xml version="1.0" encoding="UTF-8"?>
<!-- Generated by org.testng.reporters.JUnitReportReporter -->
<testsuite hostname="DESKTOP-GDOU4JP" failures="0" tests="1" name="Examples.organizationTest" time="12.011" errors="0" timestamp="2024-08-13T17:31:50 IST" skipped="0">
  <testcase classname="Examples.organizationTest" name="CreateOrg" time="12.011"/>
  <system-out>
    <![CDATA[== ORGANIZATION HAS BEEN CREATED SUCCESSFULLY ==]]>
  </system-out>
</testsuite> <!-- Examples.organizationTest -->
